<?xml version="1.0" encoding="UTF-8"?>
<!-- Generated by org.testng.reporters.JUnitReportReporter -->
<testsuite skipped="0" hostname="san3149591" name="com.nagp.testcases.TC02_Quotes" tests="4" failures="0" timestamp="16 Mar 2021 00:03:53 GMT" time="12.068" errors="0">
  <testcase name="verifyToAddAQuote" time="3.193" classname="com.nagp.testcases.TC02_Quotes"/>
  <testcase name="verifyToHideTheQuotes" time="2.940" classname="com.nagp.testcases.TC02_Quotes"/>
  <testcase name="verifyUnHideTheQuotes" time="2.822" classname="com.nagp.testcases.TC02_Quotes"/>
  <testcase name="verifyToMakeFavouriteQuotes" time="3.113" classname="com.nagp.testcases.TC02_Quotes"/>
</testsuite> <!-- com.nagp.testcases.TC02_Quotes -->
