<?xml version="1.0" encoding="UTF-8"?>
<!-- Generated by org.testng.reporters.JUnitReportReporter -->
<testsuite skipped="0" hostname="san3149591" name="com.nagp.testcases.TC03_Activity" tests="4" failures="0" timestamp="14 Mar 2021 09:42:10 GMT" time="8.207" errors="0">
  <testcase name="getAllActivities" time="2.195" classname="com.nagp.testcases.TC03_Activity"/>
  <testcase name="followActivity" time="1.976" classname="com.nagp.testcases.TC03_Activity"/>
  <testcase name="unfollowActivity" time="1.741" classname="com.nagp.testcases.TC03_Activity"/>
  <testcase name="deleteActivity" time="2.295" classname="com.nagp.testcases.TC03_Activity"/>
</testsuite> <!-- com.nagp.testcases.TC03_Activity -->
