<?xml version="1.0" encoding="UTF-8"?>
<!-- Generated by org.testng.reporters.JUnitReportReporter -->
<testsuite skipped="0" hostname="san3149591" name="com.nagp.testcases.TC01_Users" tests="1" failures="0" timestamp="14 Mar 2021 09:42:10 GMT" time="9.737" errors="0">
  <testcase name="createNewUser" time="9.737" classname="com.nagp.testcases.TC01_Users"/>
</testsuite> <!-- com.nagp.testcases.TC01_Users -->
