<?xml version="1.0" encoding="UTF-8"?>
<!-- Generated by org.testng.reporters.JUnitReportReporter -->
<testsuite skipped="0" hostname="san3149591" name="com.nagp.testcases.TC02_Quotes" tests="4" failures="0" timestamp="14 Mar 2021 09:42:10 GMT" time="7.949" errors="0">
  <testcase name="verifyToAddAQuote" time="2.309" classname="com.nagp.testcases.TC02_Quotes"/>
  <testcase name="verifyToHideTheQuotes" time="1.791" classname="com.nagp.testcases.TC02_Quotes"/>
  <testcase name="verifyUnHideTheQuotes" time="1.939" classname="com.nagp.testcases.TC02_Quotes"/>
  <testcase name="verifyToMakeFavouriteQuotes" time="1.910" classname="com.nagp.testcases.TC02_Quotes"/>
</testsuite> <!-- com.nagp.testcases.TC02_Quotes -->
