<?xml version="1.0" encoding="UTF-8"?>
<!-- Generated by org.testng.reporters.JUnitReportReporter -->
<testsuite skipped="0" hostname="san3149591" name="com.nagp.testcases.TC03_Activity" tests="4" failures="0" timestamp="16 Mar 2021 00:03:53 GMT" time="10.219" errors="0">
  <testcase name="getAllActivities" time="2.957" classname="com.nagp.testcases.TC03_Activity"/>
  <testcase name="followActivity" time="2.205" classname="com.nagp.testcases.TC03_Activity"/>
  <testcase name="unfollowActivity" time="2.763" classname="com.nagp.testcases.TC03_Activity"/>
  <testcase name="deleteActivity" time="2.294" classname="com.nagp.testcases.TC03_Activity"/>
</testsuite> <!-- com.nagp.testcases.TC03_Activity -->
